TN:
SF:src\index.js
FN:11,(anonymous_0)
FN:21,(anonymous_1)
FN:31,(anonymous_2)
FN:45,(anonymous_3)
FN:56,(anonymous_4)
FN:67,(anonymous_5)
FN:90,(anonymous_6)
FN:96,(anonymous_7)
FN:137,(anonymous_8)
FN:157,(anonymous_9)
FN:165,(anonymous_10)
FN:199,(anonymous_11)
FN:214,(anonymous_12)
FN:216,(anonymous_13)
FN:222,(anonymous_14)
FN:233,(anonymous_15)
FN:242,(anonymous_16)
FN:256,(anonymous_17)
FN:266,(anonymous_18)
FN:297,(anonymous_19)
FN:323,(anonymous_20)
FN:342,(anonymous_21)
FN:372,(anonymous_22)
FN:383,(anonymous_23)
FN:403,(anonymous_24)
FN:416,(anonymous_25)
FN:431,(anonymous_26)
FN:444,(anonymous_27)
FN:448,(anonymous_28)
FN:453,(anonymous_29)
FN:459,(anonymous_30)
FN:464,(anonymous_31)
FN:477,(anonymous_32)
FN:479,(anonymous_33)
FN:487,(anonymous_34)
FN:517,(anonymous_35)
FN:530,(anonymous_36)
FN:535,(anonymous_37)
FN:553,(anonymous_38)
FN:567,(anonymous_39)
FN:578,(anonymous_40)
FN:587,(anonymous_41)
FN:589,(anonymous_42)
FN:596,(anonymous_43)
FN:605,(anonymous_44)
FN:614,(anonymous_45)
FN:637,(anonymous_46)
FN:703,(anonymous_47)
FN:713,(anonymous_48)
FN:714,(anonymous_49)
FN:731,(anonymous_50)
FN:741,(anonymous_51)
FNF:52
FNH:14
FNDA:12,(anonymous_0)
FNDA:12,(anonymous_1)
FNDA:12,(anonymous_2)
FNDA:6,(anonymous_3)
FNDA:1,(anonymous_4)
FNDA:2,(anonymous_5)
FNDA:6,(anonymous_6)
FNDA:6,(anonymous_7)
FNDA:9,(anonymous_8)
FNDA:1,(anonymous_9)
FNDA:5,(anonymous_10)
FNDA:0,(anonymous_11)
FNDA:0,(anonymous_12)
FNDA:0,(anonymous_13)
FNDA:0,(anonymous_14)
FNDA:0,(anonymous_15)
FNDA:0,(anonymous_16)
FNDA:0,(anonymous_17)
FNDA:0,(anonymous_18)
FNDA:0,(anonymous_19)
FNDA:0,(anonymous_20)
FNDA:0,(anonymous_21)
FNDA:0,(anonymous_22)
FNDA:0,(anonymous_23)
FNDA:0,(anonymous_24)
FNDA:0,(anonymous_25)
FNDA:0,(anonymous_26)
FNDA:0,(anonymous_27)
FNDA:0,(anonymous_28)
FNDA:0,(anonymous_29)
FNDA:0,(anonymous_30)
FNDA:0,(anonymous_31)
FNDA:0,(anonymous_32)
FNDA:0,(anonymous_33)
FNDA:0,(anonymous_34)
FNDA:0,(anonymous_35)
FNDA:0,(anonymous_36)
FNDA:0,(anonymous_37)
FNDA:0,(anonymous_38)
FNDA:0,(anonymous_39)
FNDA:0,(anonymous_40)
FNDA:12,(anonymous_41)
FNDA:0,(anonymous_42)
FNDA:0,(anonymous_43)
FNDA:0,(anonymous_44)
FNDA:1,(anonymous_45)
FNDA:8,(anonymous_46)
FNDA:0,(anonymous_47)
FNDA:0,(anonymous_48)
FNDA:0,(anonymous_49)
FNDA:0,(anonymous_50)
FNDA:0,(anonymous_51)
DA:1,1
DA:2,1
DA:3,1
DA:4,1
DA:5,1
DA:6,1
DA:7,1
DA:8,1
DA:12,12
DA:13,12
DA:14,12
DA:15,12
DA:16,12
DA:17,12
DA:22,12
DA:23,2
DA:25,12
DA:26,2
DA:32,12
DA:33,2
DA:40,2
DA:46,6
DA:47,6
DA:48,5
DA:50,1
DA:51,1
DA:57,1
DA:58,1
DA:59,1
DA:61,0
DA:62,0
DA:68,2
DA:81,2
DA:82,2
DA:83,20
DA:84,20
DA:86,2
DA:91,6
DA:92,6
DA:93,6
DA:96,6
DA:97,6
DA:100,6
DA:101,2
DA:102,4
DA:103,2
DA:104,2
DA:105,0
DA:106,0
DA:107,0
DA:111,2
DA:112,2
DA:114,2
DA:115,0
DA:118,0
DA:119,0
DA:124,0
DA:126,0
DA:129,0
DA:130,0
DA:133,2
DA:138,9
DA:139,9
DA:141,9
DA:142,6
DA:143,6
DA:144,6
DA:146,6
DA:147,5
DA:148,5
DA:150,6
DA:153,3
DA:158,1
DA:159,1
DA:161,1
DA:166,5
DA:167,5
DA:169,5
DA:170,5
DA:171,5
DA:172,5
DA:174,5
DA:175,5
DA:177,5
DA:178,5
DA:186,1
DA:188,1
DA:189,1
DA:191,0
DA:195,0
DA:200,0
DA:201,0
DA:203,0
DA:204,0
DA:208,0
DA:209,0
DA:210,0
DA:211,0
DA:213,0
DA:214,0
DA:215,0
DA:216,0
DA:217,0
DA:218,0
DA:222,0
DA:223,0
DA:224,0
DA:225,0
DA:228,0
DA:229,0
DA:232,0
DA:233,0
DA:234,0
DA:235,0
DA:238,0
DA:243,0
DA:244,0
DA:247,0
DA:248,0
DA:250,0
DA:252,0
DA:253,0
DA:256,0
DA:257,0
DA:260,0
DA:261,0
DA:264,0
DA:265,0
DA:266,0
DA:267,0
DA:269,0
DA:270,0
DA:273,0
DA:275,0
DA:276,0
DA:280,0
DA:281,0
DA:282,0
DA:283,0
DA:284,0
DA:286,0
DA:289,0
DA:290,0
DA:292,0
DA:298,0
DA:299,0
DA:301,0
DA:302,0
DA:306,0
DA:307,0
DA:308,0
DA:309,0
DA:311,0
DA:315,0
DA:316,0
DA:318,0
DA:320,0
DA:323,0
DA:324,0
DA:327,0
DA:328,0
DA:331,0
DA:332,0
DA:334,0
DA:335,0
DA:337,0
DA:343,0
DA:344,0
DA:346,0
DA:347,0
DA:350,0
DA:351,0
DA:353,0
DA:355,0
DA:358,0
DA:364,0
DA:365,0
DA:367,0
DA:368,0
DA:371,0
DA:372,0
DA:373,0
DA:374,0
DA:375,0
DA:376,0
DA:379,0
DA:384,0
DA:385,0
DA:386,0
DA:389,0
DA:390,0
DA:392,0
DA:393,0
DA:394,0
DA:396,0
DA:397,0
DA:398,0
DA:401,0
DA:403,0
DA:404,0
DA:407,0
DA:410,0
DA:411,0
DA:414,0
DA:416,0
DA:417,0
DA:420,0
DA:422,0
DA:423,0
DA:424,0
DA:427,0
DA:432,0
DA:433,0
DA:435,0
DA:436,0
DA:439,0
DA:440,0
DA:443,0
DA:444,0
DA:447,0
DA:448,0
DA:449,0
DA:453,0
DA:454,0
DA:458,0
DA:459,0
DA:460,0
DA:461,0
DA:464,0
DA:465,0
DA:468,0
DA:469,0
DA:470,0
DA:471,0
DA:472,0
DA:475,0
DA:476,0
DA:477,0
DA:480,0
DA:483,0
DA:488,0
DA:489,0
DA:491,0
DA:492,0
DA:495,0
DA:496,0
DA:498,0
DA:499,0
DA:500,0
DA:501,0
DA:502,0
DA:503,0
DA:506,0
DA:507,0
DA:508,0
DA:510,0
DA:513,0
DA:518,0
DA:520,0
DA:521,0
DA:523,0
DA:524,0
DA:526,0
DA:527,0
DA:529,0
DA:531,0
DA:532,0
DA:533,0
DA:536,0
DA:537,0
DA:538,0
DA:541,0
DA:542,0
DA:543,0
DA:546,0
DA:547,0
DA:548,0
DA:550,0
DA:554,0
DA:555,0
DA:557,0
DA:567,0
DA:574,0
DA:575,0
DA:579,0
DA:580,0
DA:582,0
DA:583,0
DA:589,12
DA:590,0
DA:591,0
DA:593,0
DA:594,0
DA:596,0
DA:597,0
DA:600,0
DA:603,0
DA:604,0
DA:605,0
DA:606,0
DA:608,0
DA:615,1
DA:638,8
DA:640,8
DA:642,8
DA:643,5
DA:644,1
DA:648,3
DA:650,0
DA:654,3
DA:655,0
DA:656,0
DA:660,3
DA:661,0
DA:662,0
DA:666,3
DA:667,0
DA:668,0
DA:672,3
DA:674,0
DA:678,3
DA:679,0
DA:683,3
DA:684,0
DA:688,3
DA:689,1
DA:693,4
DA:694,4
DA:698,2
DA:699,2
DA:704,0
DA:705,0
DA:706,0
DA:708,0
DA:713,0
DA:714,0
DA:715,0
DA:716,0
DA:717,0
DA:718,0
DA:721,0
DA:722,0
DA:723,0
DA:727,0
DA:732,0
DA:742,0
DA:743,0
DA:744,0
DA:751,0
DA:761,1
DA:764,1
DA:765,0
DA:766,0
DA:767,0
DA:768,0
DA:769,0
DA:770,0
DA:771,0
LF:358
LH:98
BRDA:22,0,0,2
BRDA:22,0,1,10
BRDA:25,1,0,2
BRDA:25,1,1,10
BRDA:32,2,0,2
BRDA:32,2,1,10
BRDA:100,3,0,2
BRDA:100,3,1,4
BRDA:102,4,0,2
BRDA:102,4,1,2
BRDA:104,5,0,0
BRDA:104,5,1,2
BRDA:114,6,0,0
BRDA:114,6,1,2
BRDA:118,7,0,0
BRDA:118,7,1,0
BRDA:141,8,0,6
BRDA:141,8,1,3
BRDA:143,9,0,3
BRDA:143,9,1,3
BRDA:144,10,0,2
BRDA:144,10,1,4
BRDA:146,11,0,1
BRDA:146,11,1,5
BRDA:146,12,0,6
BRDA:146,12,1,1
BRDA:147,13,0,0
BRDA:147,13,1,5
BRDA:147,14,0,5
BRDA:147,14,1,0
BRDA:148,15,0,0
BRDA:148,15,1,5
BRDA:148,16,0,5
BRDA:148,16,1,0
BRDA:169,17,0,5
BRDA:169,17,1,0
BRDA:171,18,0,5
BRDA:171,18,1,1
BRDA:172,19,0,5
BRDA:172,19,1,3
BRDA:188,20,0,1
BRDA:188,20,1,0
BRDA:203,21,0,0
BRDA:203,21,1,0
BRDA:213,22,0,0
BRDA:213,22,1,0
BRDA:215,23,0,0
BRDA:215,23,1,0
BRDA:217,24,0,0
BRDA:217,24,1,0
BRDA:228,25,0,0
BRDA:228,25,1,0
BRDA:250,26,0,0
BRDA:250,26,1,0
BRDA:253,27,0,0
BRDA:253,27,1,0
BRDA:260,28,0,0
BRDA:260,28,1,0
BRDA:264,29,0,0
BRDA:264,29,1,0
BRDA:275,30,0,0
BRDA:275,30,1,0
BRDA:280,31,0,0
BRDA:280,31,1,0
BRDA:283,32,0,0
BRDA:283,32,1,0
BRDA:289,33,0,0
BRDA:289,33,1,0
BRDA:301,34,0,0
BRDA:301,34,1,0
BRDA:306,35,0,0
BRDA:306,35,1,0
BRDA:308,36,0,0
BRDA:308,36,1,0
BRDA:318,37,0,0
BRDA:318,37,1,0
BRDA:327,38,0,0
BRDA:327,38,1,0
BRDA:334,39,0,0
BRDA:334,39,1,0
BRDA:346,40,0,0
BRDA:346,40,1,0
BRDA:353,41,0,0
BRDA:353,41,1,0
BRDA:367,42,0,0
BRDA:367,42,1,0
BRDA:392,43,0,0
BRDA:392,43,1,0
BRDA:396,44,0,0
BRDA:396,44,1,0
BRDA:397,45,0,0
BRDA:397,45,1,0
BRDA:398,46,0,0
BRDA:398,46,1,0
BRDA:407,47,0,0
BRDA:407,47,1,0
BRDA:410,48,0,0
BRDA:410,48,1,0
BRDA:411,49,0,0
BRDA:411,49,1,0
BRDA:414,50,0,0
BRDA:414,50,1,0
BRDA:435,51,0,0
BRDA:435,51,1,0
BRDA:449,52,0,0
BRDA:449,52,1,0
BRDA:454,53,0,0
BRDA:454,53,1,0
BRDA:461,54,0,0
BRDA:461,54,1,0
BRDA:465,55,0,0
BRDA:465,55,1,0
BRDA:491,56,0,0
BRDA:491,56,1,0
BRDA:498,57,0,0
BRDA:498,57,1,0
BRDA:500,58,0,0
BRDA:500,58,1,0
BRDA:502,59,0,0
BRDA:502,59,1,0
BRDA:536,60,0,0
BRDA:536,60,1,0
BRDA:591,61,0,0
BRDA:591,61,1,0
BRDA:591,62,0,0
BRDA:591,62,1,0
BRDA:600,63,0,0
BRDA:600,63,1,0
BRDA:603,64,0,0
BRDA:603,64,1,0
BRDA:642,65,0,5
BRDA:642,65,1,3
BRDA:644,66,0,1
BRDA:644,66,1,0
BRDA:648,67,0,0
BRDA:648,67,1,3
BRDA:648,68,0,3
BRDA:648,68,1,3
BRDA:654,69,0,0
BRDA:654,69,1,3
BRDA:656,70,0,0
BRDA:656,70,1,0
BRDA:660,71,0,0
BRDA:660,71,1,3
BRDA:662,72,0,0
BRDA:662,72,1,0
BRDA:666,73,0,0
BRDA:666,73,1,3
BRDA:668,74,0,0
BRDA:668,74,1,0
BRDA:672,75,0,0
BRDA:672,75,1,3
BRDA:672,76,0,3
BRDA:672,76,1,3
BRDA:678,77,0,0
BRDA:678,77,1,3
BRDA:683,78,0,0
BRDA:683,78,1,3
BRDA:688,79,0,1
BRDA:688,79,1,2
BRDA:715,80,0,0
BRDA:715,80,1,0
BRDA:731,81,0,0
BRDA:746,82,0,0
BRDA:746,82,1,0
BRDA:764,83,0,0
BRDA:764,83,1,1
BRF:167
BRH:49
end_of_record
