TN:
SF:src\bot.js
FN:13,(anonymous_0)
FN:37,(anonymous_1)
FN:44,(anonymous_2)
FN:51,(anonymous_3)
FN:65,(anonymous_4)
FN:79,(anonymous_5)
FN:95,(anonymous_6)
FN:110,(anonymous_7)
FN:147,(anonymous_8)
FN:170,(anonymous_9)
FN:178,(anonymous_10)
FN:216,(anonymous_11)
FN:231,(anonymous_12)
FN:233,(anonymous_13)
FN:246,(anonymous_14)
FN:254,(anonymous_15)
FN:261,(anonymous_16)
FN:266,(anonymous_17)
FN:269,(anonymous_18)
FN:270,(anonymous_19)
FN:281,(anonymous_20)
FN:294,(anonymous_21)
FN:310,(anonymous_22)
FN:340,(anonymous_23)
FN:364,(anonymous_24)
FN:385,(anonymous_25)
FN:386,(anonymous_26)
FN:398,(anonymous_27)
FN:417,(anonymous_28)
FN:453,(anonymous_29)
FN:464,(anonymous_30)
FN:486,(anonymous_31)
FN:505,(anonymous_32)
FN:519,(anonymous_33)
FN:529,(anonymous_34)
FN:532,(anonymous_35)
FN:536,(anonymous_36)
FN:541,(anonymous_37)
FN:546,(anonymous_38)
FN:558,(anonymous_39)
FN:560,(anonymous_40)
FN:568,(anonymous_41)
FN:596,(anonymous_42)
FN:610,(anonymous_43)
FN:615,(anonymous_44)
FN:627,(anonymous_45)
FN:646,(anonymous_46)
FN:653,(anonymous_47)
FN:662,(anonymous_48)
FN:678,(anonymous_49)
FN:681,(anonymous_50)
FN:688,(anonymous_51)
FN:697,(anonymous_52)
FN:705,(anonymous_53)
FN:730,(anonymous_54)
FN:814,(anonymous_55)
FN:824,(anonymous_56)
FN:846,(anonymous_57)
FNF:58
FNH:38
FNDA:76,(anonymous_0)
FNDA:0,(anonymous_1)
FNDA:0,(anonymous_2)
FNDA:0,(anonymous_3)
FNDA:0,(anonymous_4)
FNDA:0,(anonymous_5)
FNDA:141,(anonymous_6)
FNDA:0,(anonymous_7)
FNDA:0,(anonymous_8)
FNDA:194,(anonymous_9)
FNDA:128,(anonymous_10)
FNDA:21,(anonymous_11)
FNDA:9,(anonymous_12)
FNDA:6,(anonymous_13)
FNDA:22,(anonymous_14)
FNDA:37,(anonymous_15)
FNDA:2,(anonymous_16)
FNDA:17,(anonymous_17)
FNDA:20,(anonymous_18)
FNDA:37,(anonymous_19)
FNDA:8,(anonymous_20)
FNDA:15,(anonymous_21)
FNDA:2,(anonymous_22)
FNDA:13,(anonymous_23)
FNDA:3,(anonymous_24)
FNDA:15,(anonymous_25)
FNDA:15,(anonymous_26)
FNDA:2,(anonymous_27)
FNDA:15,(anonymous_28)
FNDA:12,(anonymous_29)
FNDA:5,(anonymous_30)
FNDA:10,(anonymous_31)
FNDA:5,(anonymous_32)
FNDA:1,(anonymous_33)
FNDA:2,(anonymous_34)
FNDA:2,(anonymous_35)
FNDA:0,(anonymous_36)
FNDA:2,(anonymous_37)
FNDA:1,(anonymous_38)
FNDA:0,(anonymous_39)
FNDA:1,(anonymous_40)
FNDA:3,(anonymous_41)
FNDA:0,(anonymous_42)
FNDA:0,(anonymous_43)
FNDA:0,(anonymous_44)
FNDA:3,(anonymous_45)
FNDA:0,(anonymous_46)
FNDA:0,(anonymous_47)
FNDA:1,(anonymous_48)
FNDA:0,(anonymous_49)
FNDA:0,(anonymous_50)
FNDA:0,(anonymous_51)
FNDA:0,(anonymous_52)
FNDA:5,(anonymous_53)
FNDA:214,(anonymous_54)
FNDA:0,(anonymous_55)
FNDA:1,(anonymous_56)
FNDA:0,(anonymous_57)
DA:2,4
DA:3,4
DA:4,4
DA:5,4
DA:6,4
DA:7,4
DA:10,4
DA:14,76
DA:15,76
DA:16,76
DA:19,76
DA:21,76
DA:23,76
DA:31,0
DA:32,0
DA:33,0
DA:38,0
DA:44,0
DA:45,0
DA:46,0
DA:52,0
DA:53,0
DA:60,0
DA:66,0
DA:67,0
DA:74,0
DA:76,0
DA:80,0
DA:81,0
DA:88,0
DA:89,0
DA:91,0
DA:96,141
DA:97,141
DA:98,141
DA:101,0
DA:102,0
DA:103,0
DA:105,0
DA:106,0
DA:111,0
DA:112,0
DA:113,0
DA:116,0
DA:119,0
DA:120,0
DA:124,0
DA:125,0
DA:127,0
DA:128,0
DA:130,0
DA:131,0
DA:136,0
DA:138,0
DA:139,0
DA:142,0
DA:143,0
DA:148,0
DA:156,0
DA:158,0
DA:159,0
DA:160,0
DA:164,0
DA:167,0
DA:171,194
DA:172,194
DA:174,0
DA:179,128
DA:180,128
DA:182,128
DA:184,128
DA:185,128
DA:188,128
DA:189,128
DA:190,128
DA:192,128
DA:193,128
DA:194,1
DA:197,127
DA:198,127
DA:206,127
DA:208,127
DA:209,127
DA:211,0
DA:217,21
DA:218,21
DA:220,21
DA:221,6
DA:224,15
DA:225,15
DA:228,15
DA:230,15
DA:231,9
DA:232,12
DA:233,6
DA:234,10
DA:235,0
DA:238,10
DA:241,15
DA:242,0
DA:246,15
DA:247,22
DA:248,22
DA:249,22
DA:253,15
DA:254,15
DA:255,37
DA:256,37
DA:259,15
DA:260,15
DA:262,2
DA:263,2
DA:264,2
DA:267,17
DA:268,17
DA:269,20
DA:271,37
DA:272,37
DA:274,17
DA:277,15
DA:282,8
DA:283,8
DA:285,8
DA:286,8
DA:288,8
DA:290,8
DA:291,8
DA:294,8
DA:295,15
DA:296,15
DA:299,15
DA:301,15
DA:304,8
DA:305,1
DA:308,7
DA:309,1
DA:310,1
DA:311,2
DA:313,1
DA:314,1
DA:317,6
DA:319,6
DA:320,1
DA:324,5
DA:325,2
DA:326,3
DA:327,0
DA:329,3
DA:332,5
DA:333,5
DA:335,0
DA:341,13
DA:342,13
DA:344,13
DA:345,2
DA:349,11
DA:351,4
DA:352,4
DA:353,4
DA:355,0
DA:359,7
DA:360,7
DA:361,7
DA:362,1
DA:363,1
DA:364,1
DA:365,3
DA:367,1
DA:369,1
DA:370,1
DA:371,1
DA:373,0
DA:375,0
DA:379,6
DA:380,6
DA:381,6
DA:383,6
DA:385,15
DA:386,6
DA:387,15
DA:392,6
DA:393,1
DA:396,5
DA:397,1
DA:398,1
DA:399,2
DA:401,1
DA:402,1
DA:405,4
DA:406,4
DA:407,4
DA:409,4
DA:410,4
DA:412,0
DA:418,15
DA:419,15
DA:421,15
DA:422,3
DA:425,12
DA:426,12
DA:428,12
DA:430,12
DA:433,12
DA:435,12
DA:436,1
DA:439,11
DA:445,11
DA:446,11
DA:448,11
DA:449,2
DA:452,9
DA:453,9
DA:454,12
DA:455,12
DA:456,12
DA:457,12
DA:460,9
DA:465,5
DA:466,5
DA:467,5
DA:469,5
DA:472,5
DA:473,5
DA:475,5
DA:476,5
DA:477,5
DA:479,5
DA:480,3
DA:481,0
DA:484,5
DA:486,5
DA:487,10
DA:490,10
DA:493,5
DA:499,5
DA:500,1
DA:503,4
DA:505,4
DA:506,5
DA:509,5
DA:511,5
DA:512,5
DA:513,5
DA:516,4
DA:520,1
DA:521,1
DA:523,1
DA:524,0
DA:527,1
DA:528,1
DA:529,2
DA:531,1
DA:532,1
DA:533,2
DA:536,1
DA:537,0
DA:540,1
DA:541,1
DA:542,2
DA:543,2
DA:546,1
DA:547,1
DA:550,1
DA:551,1
DA:552,1
DA:553,1
DA:554,1
DA:556,1
DA:557,1
DA:558,0
DA:561,1
DA:564,1
DA:569,3
DA:570,3
DA:572,3
DA:573,0
DA:576,3
DA:577,3
DA:579,3
DA:580,0
DA:581,3
DA:582,2
DA:583,1
DA:584,0
DA:586,1
DA:587,1
DA:589,1
DA:592,0
DA:597,0
DA:598,0
DA:601,0
DA:602,0
DA:603,0
DA:605,0
DA:606,0
DA:607,0
DA:609,0
DA:611,0
DA:612,0
DA:613,0
DA:616,0
DA:617,0
DA:620,0
DA:621,0
DA:623,0
DA:628,3
DA:629,3
DA:632,0
DA:633,0
DA:634,0
DA:636,0
DA:646,0
DA:653,0
DA:654,0
DA:656,0
DA:658,0
DA:663,1
DA:664,1
DA:667,0
DA:668,0
DA:669,0
DA:671,0
DA:672,0
DA:674,0
DA:679,0
DA:681,0
DA:682,0
DA:683,0
DA:685,0
DA:686,0
DA:688,0
DA:689,0
DA:692,0
DA:695,0
DA:696,0
DA:697,0
DA:698,0
DA:700,0
DA:706,5
DA:731,214
DA:733,214
DA:735,214
DA:736,5
DA:740,209
DA:742,1
DA:746,208
DA:747,3
DA:751,205
DA:752,5
DA:756,200
DA:759,21
DA:763,179
DA:764,13
DA:765,13
DA:766,0
DA:770,166
DA:771,8
DA:772,8
DA:773,0
DA:777,158
DA:779,15
DA:780,15
DA:781,0
DA:785,143
DA:786,128
DA:787,128
DA:788,0
DA:792,15
DA:794,3
DA:795,0
DA:798,3
DA:799,0
DA:802,3
DA:805,12
DA:808,0
DA:809,0
DA:815,0
DA:825,1
DA:826,1
DA:827,1
DA:837,0
DA:847,0
DA:848,0
DA:856,0
DA:857,0
DA:859,0
DA:862,0
DA:867,4
LF:388
LH:260
BRDA:21,0,0,76
BRDA:21,0,1,0
BRDA:45,1,0,0
BRDA:45,1,1,0
BRDA:52,2,0,0
BRDA:52,2,1,0
BRDA:66,3,0,0
BRDA:66,3,1,0
BRDA:80,4,0,0
BRDA:80,4,1,0
BRDA:96,5,0,141
BRDA:96,5,1,0
BRDA:112,6,0,0
BRDA:112,6,1,0
BRDA:119,7,0,0
BRDA:119,7,1,0
BRDA:119,8,0,0
BRDA:119,8,1,0
BRDA:127,9,0,0
BRDA:127,9,1,0
BRDA:127,10,0,0
BRDA:127,10,1,0
BRDA:130,11,0,0
BRDA:130,11,1,0
BRDA:130,12,0,0
BRDA:130,12,1,0
BRDA:156,13,0,0
BRDA:156,13,1,0
BRDA:159,14,0,0
BRDA:159,14,1,0
BRDA:171,15,0,194
BRDA:171,15,1,0
BRDA:182,16,0,0
BRDA:182,16,1,128
BRDA:188,17,0,128
BRDA:188,17,1,0
BRDA:193,18,0,1
BRDA:193,18,1,127
BRDA:208,19,0,127
BRDA:208,19,1,0
BRDA:218,20,0,21
BRDA:218,20,1,0
BRDA:220,21,0,6
BRDA:220,21,1,15
BRDA:228,22,0,15
BRDA:228,22,1,0
BRDA:230,23,0,3
BRDA:230,23,1,12
BRDA:232,24,0,2
BRDA:232,24,1,10
BRDA:234,25,0,0
BRDA:234,25,1,10
BRDA:241,26,0,0
BRDA:241,26,1,15
BRDA:255,27,0,17
BRDA:255,27,1,20
BRDA:288,28,0,0
BRDA:288,28,1,8
BRDA:291,29,0,6
BRDA:291,29,1,2
BRDA:296,30,0,15
BRDA:296,30,1,14
BRDA:296,30,2,14
BRDA:299,31,0,15
BRDA:299,31,1,7
BRDA:301,32,0,15
BRDA:301,32,1,8
BRDA:301,32,2,7
BRDA:304,33,0,1
BRDA:304,33,1,7
BRDA:308,34,0,1
BRDA:308,34,1,6
BRDA:308,35,0,7
BRDA:308,35,1,1
BRDA:319,36,0,1
BRDA:319,36,1,5
BRDA:324,37,0,2
BRDA:324,37,1,3
BRDA:326,38,0,0
BRDA:326,38,1,3
BRDA:332,39,0,5
BRDA:332,39,1,0
BRDA:342,40,0,13
BRDA:342,40,1,0
BRDA:344,41,0,2
BRDA:344,41,1,11
BRDA:349,42,0,4
BRDA:349,42,1,7
BRDA:349,43,0,11
BRDA:349,43,1,7
BRDA:352,44,0,4
BRDA:352,44,1,0
BRDA:361,45,0,1
BRDA:361,45,1,6
BRDA:369,46,0,1
BRDA:369,46,1,0
BRDA:370,47,0,1
BRDA:370,47,1,0
BRDA:381,48,0,0
BRDA:381,48,1,6
BRDA:387,49,0,15
BRDA:387,49,1,11
BRDA:387,49,2,9
BRDA:392,50,0,1
BRDA:392,50,1,5
BRDA:396,51,0,1
BRDA:396,51,1,4
BRDA:409,52,0,4
BRDA:409,52,1,0
BRDA:421,53,0,3
BRDA:421,53,1,12
BRDA:428,54,0,0
BRDA:428,54,1,12
BRDA:430,55,0,12
BRDA:430,55,1,2
BRDA:435,56,0,1
BRDA:435,56,1,11
BRDA:448,57,0,2
BRDA:448,57,1,9
BRDA:475,58,0,5
BRDA:475,58,1,0
BRDA:479,59,0,2
BRDA:479,59,1,3
BRDA:480,60,0,3
BRDA:480,60,1,0
BRDA:481,61,0,0
BRDA:481,61,1,0
BRDA:490,62,0,10
BRDA:490,62,1,10
BRDA:493,63,0,0
BRDA:493,63,1,5
BRDA:495,64,0,3
BRDA:495,64,1,2
BRDA:499,65,0,1
BRDA:499,65,1,4
BRDA:523,66,0,0
BRDA:523,66,1,1
BRDA:533,67,0,2
BRDA:533,67,1,1
BRDA:537,68,0,0
BRDA:537,68,1,0
BRDA:543,69,0,2
BRDA:543,69,1,2
BRDA:547,70,0,0
BRDA:547,70,1,1
BRDA:572,71,0,0
BRDA:572,71,1,3
BRDA:579,72,0,0
BRDA:579,72,1,3
BRDA:579,73,0,3
BRDA:579,73,1,3
BRDA:581,74,0,2
BRDA:581,74,1,1
BRDA:583,75,0,0
BRDA:583,75,1,1
BRDA:597,76,0,0
BRDA:597,76,1,0
BRDA:628,77,0,3
BRDA:628,77,1,0
BRDA:663,78,0,1
BRDA:663,78,1,0
BRDA:679,79,0,0
BRDA:679,79,1,0
BRDA:683,80,0,0
BRDA:683,80,1,0
BRDA:683,81,0,0
BRDA:683,81,1,0
BRDA:692,82,0,0
BRDA:692,82,1,0
BRDA:695,83,0,0
BRDA:695,83,1,0
BRDA:735,84,0,5
BRDA:735,84,1,209
BRDA:740,85,0,1
BRDA:740,85,1,208
BRDA:740,86,0,209
BRDA:740,86,1,208
BRDA:746,87,0,3
BRDA:746,87,1,205
BRDA:751,88,0,5
BRDA:751,88,1,200
BRDA:756,89,0,21
BRDA:756,89,1,179
BRDA:756,90,0,200
BRDA:756,90,1,179
BRDA:756,90,2,179
BRDA:756,90,3,179
BRDA:763,91,0,13
BRDA:763,91,1,166
BRDA:765,92,0,13
BRDA:765,92,1,0
BRDA:770,93,0,8
BRDA:770,93,1,158
BRDA:772,94,0,8
BRDA:772,94,1,0
BRDA:777,95,0,15
BRDA:777,95,1,143
BRDA:777,96,0,158
BRDA:777,96,1,145
BRDA:780,97,0,15
BRDA:780,97,1,0
BRDA:785,98,0,128
BRDA:785,98,1,15
BRDA:787,99,0,128
BRDA:787,99,1,0
BRDA:792,100,0,3
BRDA:792,100,1,12
BRDA:794,101,0,0
BRDA:794,101,1,3
BRDA:798,102,0,0
BRDA:798,102,1,3
BRDA:814,103,0,0
BRDA:829,104,0,1
BRDA:829,104,1,0
BRDA:830,105,0,1
BRDA:830,105,1,0
BRDA:832,106,0,1
BRDA:832,106,1,0
BRDA:833,107,0,1
BRDA:833,107,1,0
BRDA:856,108,0,0
BRDA:856,108,1,0
BRF:222
BRH:137
end_of_record
TN:
SF:src\utils\dateParser.js
FN:3,(anonymous_0)
FN:5,(anonymous_1)
FN:52,(anonymous_2)
FN:92,(anonymous_3)
FN:99,(anonymous_4)
FN:101,(anonymous_5)
FN:121,(anonymous_6)
FN:139,(anonymous_7)
FN:150,(anonymous_8)
FN:155,(anonymous_9)
FN:160,(anonymous_10)
FN:166,(anonymous_11)
FNF:12
FNH:12
FNDA:208,(anonymous_0)
FNDA:179,(anonymous_1)
FNDA:23,(anonymous_2)
FNDA:192,(anonymous_3)
FNDA:3,(anonymous_4)
FNDA:2,(anonymous_5)
FNDA:15,(anonymous_6)
FNDA:5,(anonymous_7)
FNDA:2,(anonymous_8)
FNDA:5,(anonymous_9)
FNDA:1,(anonymous_10)
FNDA:10,(anonymous_11)
DA:4,208
DA:5,208
DA:6,179
DA:9,208
DA:11,205
DA:12,205
DA:13,57
DA:14,24
DA:15,24
DA:16,24
DA:18,33
DA:19,2
DA:20,2
DA:21,2
DA:25,31
DA:26,31
DA:28,31
DA:29,29
DA:32,29
DA:33,19
DA:38,19
DA:39,10
DA:40,5
DA:42,5
DA:45,29
DA:46,29
DA:49,2
DA:53,23
DA:54,21
DA:57,21
DA:58,21
DA:60,19
DA:61,19
DA:64,19
DA:67,19
DA:68,19
DA:70,19
DA:72,3
DA:74,16
DA:75,3
DA:76,1
DA:77,13
DA:78,1
DA:79,12
DA:80,3
DA:81,2
DA:85,19
DA:86,19
DA:88,19
DA:93,192
DA:94,192
DA:96,192
DA:100,3
DA:101,3
DA:102,2
DA:105,3
DA:106,3
DA:107,1
DA:108,1
DA:109,1
DA:112,2
DA:113,1
DA:114,1
DA:115,1
DA:118,1
DA:122,15
DA:124,13
DA:125,13
DA:127,12
DA:129,12
DA:130,12
DA:131,11
DA:133,10
DA:134,10
DA:140,5
DA:141,5
DA:143,5
DA:144,5
DA:146,5
DA:147,5
DA:151,2
DA:152,2
DA:156,5
DA:157,5
DA:161,1
DA:162,1
DA:163,1
DA:167,10
DA:172,10
DA:173,10
DA:174,8
DA:175,8
DA:176,8
DA:178,8
DA:179,8
DA:181,8
DA:182,8
DA:184,8
DA:187,2
DA:191,8
LF:100
LH:100
BRDA:9,0,0,3
BRDA:9,0,1,205
BRDA:9,1,0,208
BRDA:9,1,1,206
BRDA:12,2,0,148
BRDA:12,2,1,57
BRDA:13,3,0,24
BRDA:13,3,1,33
BRDA:18,4,0,2
BRDA:18,4,1,31
BRDA:28,5,0,29
BRDA:28,5,1,2
BRDA:32,6,0,19
BRDA:32,6,1,10
BRDA:32,7,0,29
BRDA:32,7,1,24
BRDA:39,8,0,5
BRDA:39,8,1,5
BRDA:53,9,0,2
BRDA:53,9,1,21
BRDA:53,10,0,23
BRDA:53,10,1,21
BRDA:58,11,0,2
BRDA:58,11,1,19
BRDA:61,12,0,5
BRDA:61,12,1,14
BRDA:64,13,0,2
BRDA:64,13,1,17
BRDA:68,14,0,10
BRDA:68,14,1,9
BRDA:70,15,0,3
BRDA:70,15,1,16
BRDA:72,16,0,1
BRDA:72,16,1,2
BRDA:74,17,0,3
BRDA:74,17,1,13
BRDA:75,18,0,2
BRDA:75,18,1,1
BRDA:75,19,0,3
BRDA:75,19,1,3
BRDA:76,20,0,1
BRDA:76,20,1,0
BRDA:77,21,0,1
BRDA:77,21,1,12
BRDA:78,22,0,1
BRDA:78,22,1,0
BRDA:78,23,0,1
BRDA:78,23,1,1
BRDA:79,24,0,3
BRDA:79,24,1,9
BRDA:80,25,0,1
BRDA:80,25,1,2
BRDA:81,26,0,2
BRDA:81,26,1,0
BRDA:81,27,0,2
BRDA:81,27,1,2
BRDA:105,28,0,3
BRDA:105,28,1,0
BRDA:106,29,0,1
BRDA:106,29,1,2
BRDA:112,30,0,1
BRDA:112,30,1,1
BRDA:122,31,0,2
BRDA:122,31,1,13
BRDA:122,32,0,15
BRDA:122,32,1,13
BRDA:125,33,0,1
BRDA:125,33,1,12
BRDA:129,34,0,0
BRDA:129,34,1,12
BRDA:129,35,0,12
BRDA:129,35,1,12
BRDA:129,35,2,12
BRDA:130,36,0,1
BRDA:130,36,1,11
BRDA:130,37,0,12
BRDA:130,37,1,12
BRDA:131,38,0,1
BRDA:131,38,1,10
BRDA:131,39,0,11
BRDA:131,39,1,11
BRDA:134,40,0,10
BRDA:134,40,1,7
BRDA:134,40,2,7
BRDA:172,41,0,10
BRDA:172,41,1,1
BRDA:173,42,0,8
BRDA:173,42,1,2
BRDA:179,43,0,5
BRDA:179,43,1,3
BRF:90
BRH:85
end_of_record
TN:
SF:src\utils\nlpHelper.js
FN:6,(anonymous_0)
FN:36,(anonymous_1)
FN:41,(anonymous_2)
FN:46,(anonymous_3)
FN:56,(anonymous_4)
FN:77,(anonymous_5)
FN:92,(anonymous_6)
FN:103,(anonymous_7)
FN:108,(anonymous_8)
FN:147,(anonymous_9)
FN:151,(anonymous_10)
FN:169,(anonymous_11)
FN:175,(anonymous_12)
FN:185,(anonymous_13)
FN:200,(anonymous_14)
FN:214,(anonymous_15)
FN:219,(anonymous_16)
FN:234,(anonymous_17)
FN:254,(anonymous_18)
FN:260,(anonymous_19)
FN:281,(anonymous_20)
FN:285,(anonymous_21)
FN:295,(anonymous_22)
FN:306,(anonymous_23)
FN:334,(anonymous_24)
FN:347,(anonymous_25)
FNF:26
FNH:23
FNDA:1,(anonymous_0)
FNDA:2,(anonymous_1)
FNDA:9,(anonymous_2)
FNDA:4,(anonymous_3)
FNDA:30,(anonymous_4)
FNDA:15,(anonymous_5)
FNDA:1455,(anonymous_6)
FNDA:167,(anonymous_7)
FNDA:155,(anonymous_8)
FNDA:177,(anonymous_9)
FNDA:136,(anonymous_10)
FNDA:136,(anonymous_11)
FNDA:2,(anonymous_12)
FNDA:137,(anonymous_13)
FNDA:408,(anonymous_14)
FNDA:408,(anonymous_15)
FNDA:0,(anonymous_16)
FNDA:128,(anonymous_17)
FNDA:0,(anonymous_18)
FNDA:133,(anonymous_19)
FNDA:1,(anonymous_20)
FNDA:3,(anonymous_21)
FNDA:0,(anonymous_22)
FNDA:1,(anonymous_23)
FNDA:31,(anonymous_24)
FNDA:204,(anonymous_25)
DA:2,6
DA:7,1
DA:9,1
DA:16,1
DA:17,1
DA:20,1
DA:23,1
DA:24,10
DA:25,10
DA:29,1
DA:30,0
DA:33,1
DA:37,2
DA:38,2
DA:41,9
DA:42,2
DA:47,4
DA:48,3
DA:50,3
DA:51,3
DA:53,3
DA:54,3
DA:56,30
DA:58,24
DA:59,30
DA:61,3
DA:62,27
DA:63,189
DA:64,189
DA:72,3
DA:73,3
DA:78,15
DA:89,15
DA:92,1455
DA:94,15
DA:95,435
DA:96,435
DA:99,15
DA:104,167
DA:109,155
DA:110,153
DA:113,153
DA:114,153
DA:116,152
DA:117,152
DA:120,152
DA:121,152
DA:124,152
DA:125,152
DA:127,152
DA:128,7
DA:130,145
DA:131,23
DA:132,2
DA:133,122
DA:134,4
DA:135,118
DA:136,4
DA:137,3
DA:141,152
DA:142,152
DA:144,152
DA:148,177
DA:152,136
DA:154,136
DA:155,136
DA:157,135
DA:158,135
DA:159,135
DA:160,132
DA:161,132
DA:163,132
DA:164,132
DA:170,136
DA:171,136
DA:172,136
DA:176,2
DA:178,2
DA:186,137
DA:188,136
DA:191,136
DA:194,136
DA:200,136
DA:201,408
DA:205,136
DA:208,136
DA:214,136
DA:215,408
DA:219,136
DA:220,0
DA:224,136
DA:227,136
DA:228,1
DA:231,135
DA:235,128
DA:244,128
DA:245,661
DA:246,661
DA:247,24
DA:251,104
DA:255,0
DA:256,0
DA:257,0
DA:261,133
DA:263,133
DA:264,1
DA:267,133
DA:268,2
DA:271,133
DA:272,1
DA:275,133
DA:282,1
DA:283,1
DA:285,1
DA:286,3
DA:287,3
DA:288,3
DA:292,1
DA:296,0
DA:297,0
DA:298,0
DA:299,0
DA:301,0
DA:302,0
DA:303,0
DA:312,1
DA:314,1
DA:315,1
DA:316,1
DA:318,1
DA:320,1
DA:321,1
DA:322,1
DA:323,1
DA:324,0
DA:327,1
DA:328,1
DA:330,1
DA:335,31
DA:337,31
DA:340,31
DA:346,31
DA:347,204
DA:348,16
DA:352,15
DA:363,15
DA:364,74
DA:365,13
DA:369,2
DA:373,6
LF:150
LH:137
BRDA:7,0,0,0
BRDA:7,0,1,1
BRDA:7,1,0,1
BRDA:7,1,1,1
BRDA:29,2,0,0
BRDA:29,2,1,1
BRDA:41,3,0,9
BRDA:41,3,1,9
BRDA:47,4,0,1
BRDA:47,4,1,3
BRDA:47,5,0,4
BRDA:47,5,1,1
BRDA:48,6,0,0
BRDA:48,6,1,3
BRDA:48,7,0,3
BRDA:48,7,1,3
BRDA:53,8,0,0
BRDA:53,8,1,3
BRDA:53,9,0,3
BRDA:53,9,1,0
BRDA:54,10,0,0
BRDA:54,10,1,3
BRDA:54,11,0,3
BRDA:54,11,1,3
BRDA:63,12,0,26
BRDA:63,12,1,163
BRDA:73,13,0,0
BRDA:73,13,1,3
BRDA:109,14,0,2
BRDA:109,14,1,153
BRDA:109,15,0,155
BRDA:109,15,1,153
BRDA:114,16,0,1
BRDA:114,16,1,152
BRDA:117,17,0,19
BRDA:117,17,1,133
BRDA:120,18,0,3
BRDA:120,18,1,149
BRDA:121,19,0,1
BRDA:121,19,1,151
BRDA:125,20,0,38
BRDA:125,20,1,114
BRDA:127,21,0,7
BRDA:127,21,1,145
BRDA:128,22,0,1
BRDA:128,22,1,6
BRDA:130,23,0,23
BRDA:130,23,1,122
BRDA:131,24,0,21
BRDA:131,24,1,2
BRDA:131,25,0,23
BRDA:131,25,1,23
BRDA:132,26,0,2
BRDA:132,26,1,0
BRDA:133,27,0,4
BRDA:133,27,1,118
BRDA:134,28,0,4
BRDA:134,28,1,0
BRDA:134,29,0,4
BRDA:134,29,1,4
BRDA:135,30,0,4
BRDA:135,30,1,114
BRDA:136,31,0,1
BRDA:136,31,1,3
BRDA:137,32,0,3
BRDA:137,32,1,0
BRDA:137,33,0,3
BRDA:137,33,1,3
BRDA:152,34,0,0
BRDA:152,34,1,136
BRDA:152,35,0,136
BRDA:152,35,1,136
BRDA:155,36,0,1
BRDA:155,36,1,135
BRDA:158,37,0,0
BRDA:158,37,1,135
BRDA:158,38,0,135
BRDA:158,38,1,135
BRDA:158,38,2,135
BRDA:159,39,0,3
BRDA:159,39,1,132
BRDA:159,40,0,135
BRDA:159,40,1,135
BRDA:160,41,0,0
BRDA:160,41,1,132
BRDA:160,42,0,132
BRDA:160,42,1,132
BRDA:161,43,0,0
BRDA:161,43,1,132
BRDA:164,44,0,132
BRDA:164,44,1,132
BRDA:164,44,2,132
BRDA:170,45,0,0
BRDA:170,45,1,136
BRDA:170,46,0,136
BRDA:170,46,1,136
BRDA:176,47,0,0
BRDA:176,47,1,2
BRDA:176,48,0,2
BRDA:176,48,1,2
BRDA:185,49,0,137
BRDA:186,50,0,1
BRDA:186,50,1,136
BRDA:186,51,0,137
BRDA:186,51,1,136
BRDA:227,52,0,1
BRDA:227,52,1,135
BRDA:227,53,0,136
BRDA:227,53,1,136
BRDA:246,54,0,24
BRDA:246,54,1,637
BRDA:257,55,0,0
BRDA:257,55,1,0
BRDA:263,56,0,1
BRDA:263,56,1,132
BRDA:263,57,0,133
BRDA:263,57,1,133
BRDA:267,58,0,2
BRDA:267,58,1,131
BRDA:271,59,0,1
BRDA:271,59,1,132
BRDA:287,60,0,3
BRDA:287,60,1,0
BRDA:301,61,0,0
BRDA:301,61,1,0
BRDA:302,62,0,0
BRDA:302,62,1,0
BRDA:306,63,0,1
BRDA:308,64,0,1
BRDA:309,65,0,1
BRDA:310,66,0,1
BRDA:311,67,0,1
BRDA:318,68,0,0
BRDA:318,68,1,1
BRDA:320,69,0,1
BRDA:320,69,1,0
BRDA:323,70,0,1
BRDA:323,70,1,0
BRDA:324,71,0,0
BRDA:324,71,1,0
BRDA:328,72,0,0
BRDA:328,72,1,1
BRDA:335,73,0,0
BRDA:335,73,1,31
BRDA:335,74,0,31
BRDA:335,74,1,31
BRDA:347,75,0,16
BRDA:347,75,1,58
BRDA:347,76,0,204
BRDA:347,76,1,200
BRDA:364,77,0,13
BRDA:364,77,1,61
BRF:152
BRH:122
end_of_record
